ERROR - 2026-03-12 00:32:21 --> Cannot change column 'tenant_id': used in a foreign key constraint 'fk_branches_tenant'
CRITICAL - 2026-03-12 13:20:38 --> Class 'CodeIgniter\Config\Filters' not found
in APPPATH/Config/Filters.php on line 12.
 1 SYSTEMPATH/Autoloader/Autoloader.php(284): include_once()
 2 SYSTEMPATH/Autoloader/Autoloader.php(261): CodeIgniter\Autoloader\Autoloader->includeFile()
 3 SYSTEMPATH/Autoloader/Autoloader.php(239): CodeIgniter\Autoloader\Autoloader->loadInNamespace()
 4 [internal function]: CodeIgniter\Autoloader\Autoloader->loadClass()
 5 [internal function]: spl_autoload_call()
 6 SYSTEMPATH/Config/Factories.php(152): class_exists()
 7 SYSTEMPATH/Config/Factories.php(122): CodeIgniter\Config\Factories::locateClass()
 8 SYSTEMPATH/Common.php(198): CodeIgniter\Config\Factories::__callStatic()
 9 SYSTEMPATH/Config/Services.php(280): config()
10 SYSTEMPATH/Config/BaseService.php(251): CodeIgniter\Config\Services::filters()
11 SYSTEMPATH/Config/BaseService.php(192): CodeIgniter\Config\BaseService::__callStatic()
12 SYSTEMPATH/Config/Services.php(277): CodeIgniter\Config\BaseService::getSharedInstance()
13 SYSTEMPATH/Config/BaseService.php(251): CodeIgniter\Config\Services::filters()
14 SYSTEMPATH/CodeIgniter.php(422): CodeIgniter\Config\BaseService::__callStatic()
15 SYSTEMPATH/CodeIgniter.php(347): CodeIgniter\CodeIgniter->handleRequest()
16 SYSTEMPATH/CLI/Console.php(48): CodeIgniter\CodeIgniter->run()
17 ROOTPATH/spark(86): CodeIgniter\CLI\Console->run()
CRITICAL - 2026-03-12 13:20:38 --> Class 'CodeIgniter\Config\Filters' not found
in APPPATH/Config/Filters.php on line 12.
 1 SYSTEMPATH/Autoloader/Autoloader.php(284): include_once()
 2 SYSTEMPATH/Autoloader/Autoloader.php(261): CodeIgniter\Autoloader\Autoloader->includeFile()
 3 SYSTEMPATH/Autoloader/Autoloader.php(239): CodeIgniter\Autoloader\Autoloader->loadInNamespace()
 4 [internal function]: CodeIgniter\Autoloader\Autoloader->loadClass()
 5 [internal function]: spl_autoload_call()
 6 SYSTEMPATH/Config/Factories.php(152): class_exists()
 7 SYSTEMPATH/Config/Factories.php(122): CodeIgniter\Config\Factories::locateClass()
 8 SYSTEMPATH/Common.php(198): CodeIgniter\Config\Factories::__callStatic()
 9 SYSTEMPATH/Config/Services.php(280): config()
10 SYSTEMPATH/Config/BaseService.php(251): CodeIgniter\Config\Services::filters()
11 SYSTEMPATH/Config/BaseService.php(192): CodeIgniter\Config\BaseService::__callStatic()
12 SYSTEMPATH/Config/Services.php(277): CodeIgniter\Config\BaseService::getSharedInstance()
13 SYSTEMPATH/Config/BaseService.php(251): CodeIgniter\Config\Services::filters()
14 SYSTEMPATH/CodeIgniter.php(422): CodeIgniter\Config\BaseService::__callStatic()
15 SYSTEMPATH/CodeIgniter.php(347): CodeIgniter\CodeIgniter->handleRequest()
16 SYSTEMPATH/CLI/Console.php(48): CodeIgniter\CodeIgniter->run()
17 ROOTPATH/spark(86): CodeIgniter\CLI\Console->run()
CRITICAL - 2026-03-12 13:20:43 --> Class 'CodeIgniter\Config\Filters' not found
in APPPATH/Config/Filters.php on line 12.
 1 SYSTEMPATH/Autoloader/Autoloader.php(284): include_once()
 2 SYSTEMPATH/Autoloader/Autoloader.php(261): CodeIgniter\Autoloader\Autoloader->includeFile()
 3 SYSTEMPATH/Autoloader/Autoloader.php(239): CodeIgniter\Autoloader\Autoloader->loadInNamespace()
 4 [internal function]: CodeIgniter\Autoloader\Autoloader->loadClass()
 5 [internal function]: spl_autoload_call()
 6 SYSTEMPATH/Config/Factories.php(152): class_exists()
 7 SYSTEMPATH/Config/Factories.php(122): CodeIgniter\Config\Factories::locateClass()
 8 SYSTEMPATH/Common.php(198): CodeIgniter\Config\Factories::__callStatic()
 9 SYSTEMPATH/Config/Services.php(280): config()
10 SYSTEMPATH/Config/BaseService.php(251): CodeIgniter\Config\Services::filters()
11 SYSTEMPATH/Config/BaseService.php(192): CodeIgniter\Config\BaseService::__callStatic()
12 SYSTEMPATH/Config/Services.php(277): CodeIgniter\Config\BaseService::getSharedInstance()
13 SYSTEMPATH/Config/BaseService.php(251): CodeIgniter\Config\Services::filters()
14 SYSTEMPATH/CodeIgniter.php(422): CodeIgniter\Config\BaseService::__callStatic()
15 SYSTEMPATH/CodeIgniter.php(347): CodeIgniter\CodeIgniter->handleRequest()
16 SYSTEMPATH/CLI/Console.php(48): CodeIgniter\CodeIgniter->run()
17 ROOTPATH/spark(86): CodeIgniter\CLI\Console->run()
